make all --print-data-base --no-builtin-variables --no-builtin-rules --question
# GNU Make 4.3
# Built for x86_64-pc-linux-gnu
# Copyright (C) 1988-2020 Free Software Foundation, Inc.
# License GPLv3+: GNU GPL version 3 or later <http://gnu.org/licenses/gpl.html>
# This is free software: you are free to change and redistribute it.
# There is NO WARRANTY, to the extent permitted by law.

# Make data base, printed on Wed Jun 29 00:03:43 2022

# Variables

# environment
GDK_BACKEND = x11
# environment
LC_ALL = C
# environment
GTK_RC_FILES = /etc/gtk/gtkrc:/home/fmj/.gtkrc:/home/fmj/.config/gtkrc
# environment
VSCODE_IPC_HOOK_EXTHOST = /run/user/1000/vscode-ipc-69dec62a-98df-4c3a-916e-ad5ed1217852.sock
# environment
VSCODE_CWD = /home/fmj
# environment
WINDOWPATH = 2
# default
MAKE_COMMAND := make
# environment
QT_ACCESSIBILITY = 1
# automatic
@D = $(patsubst %/,%,$(dir $@))
# environment
VSCODE_HANDLES_UNCAUGHT_ERRORS = true
# default
.VARIABLES := 
# environment
PWD = /home/fmj/Desktop/docker-ckan
# automatic
%D = $(patsubst %/,%,$(dir $%))
# environment
XDG_DATA_DIRS = /usr/share/plasma:/usr/share/gnome:/home/fmj/.local/share/flatpak/exports/share:/var/lib/flatpak/exports/share:/usr/local/share/:/usr/share/:/var/lib/snapd/desktop
# automatic
^D = $(patsubst %/,%,$(dir $^))
# environment
VSCODE_LOG_STACK = false
# automatic
%F = $(notdir $%)
# environment
VSCODE_CODE_CACHE_PATH = /home/fmj/.config/Code/CachedData/30d9c6cd9483b2cc586687151bcbcd635f373630
# environment
LANG = C
# environment
XAUTHORITY = /run/user/1000/gdm/Xauthority
# default
.LOADED := 
# default
.INCLUDE_DIRS = /usr/local/include /usr/include /usr/include
# makefile
MAKEFLAGS = pqrR
# makefile
CURDIR := /home/fmj/Desktop/docker-ckan
# environment
VSCODE_PIPE_LOGGING = true
# environment
APPLICATION_INSIGHTS_NO_DIAGNOSTIC_CHANNEL = 1
# environment
LESSOPEN = | /usr/bin/lesspipe %s
# automatic
*D = $(patsubst %/,%,$(dir $*))
# makefile (from 'Makefile', line 1)
VERSION := latest
# makefile (from 'Makefile', line 3)
IMAGE := keitaro/ckan:latest
# environment
MFLAGS = -pqrR
# default
.SHELLFLAGS := -c
# environment
XDG_CONFIG_DIRS = /home/fmj/.config/kdedefaults:/etc/xdg/xdg-plasma:/etc/xdg
# automatic
+D = $(patsubst %/,%,$(dir $+))
# environment
XCURSOR_THEME = breeze_cursors
# environment
XDG_SESSION_DESKTOP = plasma
# makefile (from 'Makefile', line 1)
MAKEFILE_LIST := Makefile
# automatic
@F = $(notdir $@)
# environment
VSCODE_VERBOSE_LOGGING = true
# makefile (from 'Makefile', line 2)
DOCKERHUB_NAMESPACE = keitaro
# environment
VSCODE_PID = 4112
# environment
XDG_SESSION_TYPE = x11
# automatic
?D = $(patsubst %/,%,$(dir $?))
# environment
SESSION_MANAGER = local/pop-os:@/tmp/.ICE-unix/2752,unix/pop-os:/tmp/.ICE-unix/2752
# automatic
*F = $(notdir $*)
# environment
CHROME_DESKTOP = code-url-handler.desktop
# environment
DBUS_SESSION_BUS_ADDRESS = unix:path=/run/user/1000/bus
# automatic
<D = $(patsubst %/,%,$(dir $<))
# environment
VSCODE_NLS_CONFIG = {"locale":"en-us","availableLanguages":{},"_languagePackSupport":true}
# default
MAKE_HOST := x86_64-pc-linux-gnu
# makefile
SHELL = /bin/sh
# default
MAKECMDGOALS := all
# environment
XMODIFIERS = @im=ibus
# environment
SHLVL = 0
# environment
MAKELEVEL := 0
# default
MAKE = $(MAKE_COMMAND)
# environment
PATH = /usr/local/sbin:/usr/local/bin:/usr/sbin:/usr/bin:/sbin:/bin:/usr/games:/usr/local/games:/snap/bin:/snap/bin
# default
MAKEFILES := 
# automatic
^F = $(notdir $^)
# environment
VSCODE_LOG_NATIVE = false
# environment
USERNAME = fmj
# environment
LESSCLOSE = /usr/bin/lesspipe %s %s
# automatic
?F = $(notdir $?)
# environment
KDE_APPLICATIONS_AS_SCOPE = 1
# environment
XDG_SEAT = seat0
# environment
GTK_IM_MODULE = ibus
# environment
XDG_CURRENT_DESKTOP = KDE
# environment
LS_COLORS = 
# automatic
+F = $(notdir $+)
# environment
DESKTOP_SESSION = plasma
# environment
ORIGINAL_XDG_CURRENT_DESKTOP = KDE
# 'override' directive
GNUMAKEFLAGS := 
# environment
LOGNAME = fmj
# environment
XDG_VTNR = 2
# makefile
.DEFAULT_GOAL := build
# environment
SYSTEMD_EXEC_PID = 2445
# environment
DISPLAY = :1
# environment
USER = fmj
# environment
GTK_MODULES = gail:atk-bridge
# default
MAKE_VERSION := 4.3
# environment
KDE_SESSION_UID = 1000
# 'override' directive
.SHELLSTATUS := 0
# environment
_ = /usr/share/code/code
# environment
XDG_RUNTIME_DIR = /run/user/1000
# environment
GPG_AGENT_INFO = /run/user/1000/gnupg/S.gpg-agent:0:1
# environment
XDG_SESSION_CLASS = user
# environment
VSCODE_AMD_ENTRYPOINT = vs/workbench/api/node/extensionHostProcess
# environment
GTK2_RC_FILES = /etc/gtk-2.0/gtkrc:/home/fmj/.gtkrc-2.0:/home/fmj/.config/gtkrc-2.0
# environment
HOME = /home/fmj
# environment
QT_IM_MODULE = ibus
# environment
ELECTRON_RUN_AS_NODE = 1
# environment
VSCODE_IPC_HOOK = /run/user/1000/vscode-ae2b8600-1.68.1-main.sock
# environment
XDG_SESSION_ID = 2
# environment
XCURSOR_SIZE = 24
# default
.RECIPEPREFIX := 
# automatic
<F = $(notdir $<)
# default
SUFFIXES := 
# environment
QT_AUTO_SCREEN_SCALE_FACTOR = 0
# environment
KDE_SESSION_VERSION = 5
# default
.FEATURES := target-specific order-only second-expansion else-if shortest-stem undefine oneshell nocomment grouped-target extra-prereqs archives jobserver output-sync check-symlink load
# environment
KDE_FULL_SESSION = true
# environment
GDMSESSION = plasma
# variable set hash-table stats:
# Load=102/1024=10%, Rehash=0, Collisions=3/138=2%

# Pattern-specific Variable Values

# No pattern-specific variable values.

# Directories

# . (device 64769, inode 2900516): 16 files, no impossibilities.

# 16 files, no impossibilities in 1 directories.

# Implicit Rules

# No implicit rules.

# Files

# Not a target:
Makefile:
#  Implicit rule search has been done.
#  Last modified 2022-06-28 23:23:03.5783114
#  File has been updated.
#  Successfully updated.

push: build
#  Implicit rule search has not been done.
#  Modification time never checked.
#  File has not been updated.
#  recipe to execute (from 'Makefile', line 9):
	docker push ${IMAGE}

# Not a target:
.DEFAULT:
#  Implicit rule search has not been done.
#  Modification time never checked.
#  File has not been updated.

# Not a target:
all:
#  Command line target.
#  Implicit rule search has been done.
#  File does not exist.
#  File has not been updated.

build:
#  Implicit rule search has not been done.
#  Modification time never checked.
#  File has not been updated.
#  recipe to execute (from 'Makefile', line 6):
	docker build -t ${IMAGE} rootfs

# files hash-table stats:
# Load=6/1024=1%, Rehash=0, Collisions=0/17=0%
# VPATH Search Paths

# No 'vpath' search paths.

# No general ('VPATH' variable) search path.

# strcache buffers: 1 (0) / strings = 23 / storage = 216 B / avg = 9 B
# current buf: size = 8162 B / used = 216 B / count = 23 / avg = 9 B

# strcache performance: lookups = 30 / hit rate = 23%
# hash-table stats:
# Load=23/8192=0%, Rehash=0, Collisions=0/30=0%
# Finished Make data base on Wed Jun 29 00:03:43 2022

 
make: *** No rule to make target 'all'.  Stop.

